# JRE version: Java(TM) SE Runtime Environment (8.0_211-b12) (build 1.8.0_211-b12)
# Java VM: Java HotSpot(TM) 64-Bit Server VM (25.211-b12 mixed mode windows-amd64 compressed oops)
Heap:
 PSYoungGen      total 174592K, used 119463K [0x000000076b500000, 0x0000000777680000, 0x00000007c0000000)
  eden space 160256K, 65% used [0x000000076b500000,0x0000000771bae510,0x0000000775180000)
  from space 14336K, 99% used [0x0000000776200000,0x0000000776ffb6f8,0x0000000777000000)
  to   space 16896K, 0% used [0x0000000775180000,0x0000000775180000,0x0000000776200000)
 ParOldGen       total 173568K, used 17181K [0x00000006c1e00000, 0x00000006cc780000, 0x000000076b500000)
  object space 173568K, 9% used [0x00000006c1e00000,0x00000006c2ec7748,0x00000006cc780000)
 Metaspace       used 53000K, capacity 55324K, committed 55640K, reserved 1097728K
  class space    used 7066K, capacity 7484K, committed 7552K, reserved 1048576K
GC Heap History (10 events):
Event: 9.182 GC heap before
{Heap before GC invocations=8 (full 1):
 PSYoungGen      total 100352K, used 97925K [0x000000076b500000, 0x0000000772200000, 0x00000007c0000000)
  eden space 90112K, 100% used [0x000000076b500000,0x0000000770d00000,0x0000000770d00000)
  from space 10240K, 76% used [0x0000000771700000,0x0000000771ea1578,0x0000000772100000)
  to   space 10240K, 0% used [0x0000000770d00000,0x0000000770d00000,0x0000000771700000)
 ParOldGen       total 109056K, used 6902K [0x00000006c1e00000, 0x00000006c8880000, 0x000000076b500000)
  object space 109056K, 6% used [0x00000006c1e00000,0x00000006c24bd9f8,0x00000006c8880000)
 Metaspace       used 33096K, capacity 34420K, committed 34560K, reserved 1079296K
  class space    used 4272K, capacity 4538K, committed 4608K, reserved 1048576K
Event: 9.198 GC heap after
Heap after GC invocations=8 (full 1):
 PSYoungGen      total 100352K, used 10224K [0x000000076b500000, 0x0000000774c00000, 0x00000007c0000000)
  eden space 90112K, 0% used [0x000000076b500000,0x000000076b500000,0x0000000770d00000)
  from space 10240K, 99% used [0x0000000770d00000,0x00000007716fc150,0x0000000771700000)
  to   space 12288K, 0% used [0x0000000774000000,0x0000000774000000,0x0000000774c00000)
 ParOldGen       total 109056K, used 8400K [0x00000006c1e00000, 0x00000006c8880000, 0x000000076b500000)
  object space 109056K, 7% used [0x00000006c1e00000,0x00000006c2634128,0x00000006c8880000)
 Metaspace       used 33096K, capacity 34420K, committed 34560K, reserved 1079296K
  class space    used 4272K, capacity 4538K, committed 4608K, reserved 1048576K
}
Event: 10.147 GC heap before
{Heap before GC invocations=9 (full 1):
 PSYoungGen      total 100352K, used 26167K [0x000000076b500000, 0x0000000774c00000, 0x00000007c0000000)
  eden space 90112K, 17% used [0x000000076b500000,0x000000076c491d38,0x0000000770d00000)
  from space 10240K, 99% used [0x0000000770d00000,0x00000007716fc150,0x0000000771700000)
  to   space 12288K, 0% used [0x0000000774000000,0x0000000774000000,0x0000000774c00000)
 ParOldGen       total 109056K, used 8400K [0x00000006c1e00000, 0x00000006c8880000, 0x000000076b500000)
  object space 109056K, 7% used [0x00000006c1e00000,0x00000006c2634128,0x00000006c8880000)
 Metaspace       used 33939K, capacity 35296K, committed 35416K, reserved 1079296K
  class space    used 4377K, capacity 4648K, committed 4736K, reserved 1048576K
Event: 10.154 GC heap after
Heap after GC invocations=9 (full 1):
 PSYoungGen      total 141824K, used 10065K [0x000000076b500000, 0x0000000774d00000, 0x00000007c0000000)
  eden space 129536K, 0% used [0x000000076b500000,0x000000076b500000,0x0000000773380000)
  from space 12288K, 81% used [0x0000000774000000,0x00000007749d4700,0x0000000774c00000)
  to   space 12800K, 0% used [0x0000000773380000,0x0000000773380000,0x0000000774000000)
 ParOldGen       total 109056K, used 8408K [0x00000006c1e00000, 0x00000006c8880000, 0x000000076b500000)
  object space 109056K, 7% used [0x00000006c1e00000,0x00000006c2636128,0x00000006c8880000)
 Metaspace       used 33939K, capacity 35296K, committed 35416K, reserved 1079296K
  class space    used 4377K, capacity 4648K, committed 4736K, reserved 1048576K
}
Event: 10.154 GC heap before
{Heap before GC invocations=10 (full 2):
 PSYoungGen      total 141824K, used 10065K [0x000000076b500000, 0x0000000774d00000, 0x00000007c0000000)
  eden space 129536K, 0% used [0x000000076b500000,0x000000076b500000,0x0000000773380000)
  from space 12288K, 81% used [0x0000000774000000,0x00000007749d4700,0x0000000774c00000)
  to   space 12800K, 0% used [0x0000000773380000,0x0000000773380000,0x0000000774000000)
 ParOldGen       total 109056K, used 8408K [0x00000006c1e00000, 0x00000006c8880000, 0x000000076b500000)
  object space 109056K, 7% used [0x00000006c1e00000,0x00000006c2636128,0x00000006c8880000)
 Metaspace       used 33939K, capacity 35296K, committed 35416K, reserved 1079296K
  class space    used 4377K, capacity 4648K, committed 4736K, reserved 1048576K
Event: 10.202 GC heap after
Heap after GC invocations=10 (full 2):
 PSYoungGen      total 141824K, used 0K [0x000000076b500000, 0x0000000774d00000, 0x00000007c0000000)
  eden space 129536K, 0% used [0x000000076b500000,0x000000076b500000,0x0000000773380000)
  from space 12288K, 0% used [0x0000000774000000,0x0000000774000000,0x0000000774c00000)
  to   space 12800K, 0% used [0x0000000773380000,0x0000000773380000,0x0000000774000000)
 ParOldGen       total 173568K, used 15301K [0x00000006c1e00000, 0x00000006cc780000, 0x000000076b500000)
  object space 173568K, 8% used [0x00000006c1e00000,0x00000006c2cf1790,0x00000006cc780000)
 Metaspace       used 33939K, capacity 35296K, committed 35416K, reserved 1079296K
  class space    used 4377K, capacity 4648K, committed 4736K, reserved 1048576K
}
Event: 13.594 GC heap before
{Heap before GC invocations=11 (full 2):
 PSYoungGen      total 141824K, used 129536K [0x000000076b500000, 0x0000000774d00000, 0x00000007c0000000)
  eden space 129536K, 100% used [0x000000076b500000,0x0000000773380000,0x0000000773380000)
  from space 12288K, 0% used [0x0000000774000000,0x0000000774000000,0x0000000774c00000)
  to   space 12800K, 0% used [0x0000000773380000,0x0000000773380000,0x0000000774000000)
 ParOldGen       total 173568K, used 15301K [0x00000006c1e00000, 0x00000006cc780000, 0x000000076b500000)
  object space 173568K, 8% used [0x00000006c1e00000,0x00000006c2cf1790,0x00000006cc780000)
 Metaspace       used 38963K, capacity 40554K, committed 40664K, reserved 1085440K
  class space    used 5059K, capacity 5351K, committed 5376K, reserved 1048576K
Event: 13.605 GC heap after
Heap after GC invocations=11 (full 2):
 PSYoungGen      total 142336K, used 12177K [0x000000076b500000, 0x0000000777000000, 0x00000007c0000000)
  eden space 129536K, 0% used [0x000000076b500000,0x000000076b500000,0x0000000773380000)
  from space 12800K, 95% used [0x0000000773380000,0x0000000773f64470,0x0000000774000000)
  to   space 14336K, 0% used [0x0000000776200000,0x0000000776200000,0x0000000777000000)
 ParOldGen       total 173568K, used 15309K [0x00000006c1e00000, 0x00000006cc780000, 0x000000076b500000)
  object space 173568K, 8% used [0x00000006c1e00000,0x00000006c2cf3790,0x00000006cc780000)
 Metaspace       used 38963K, capacity 40554K, committed 40664K, reserved 1085440K
  class space    used 5059K, capacity 5351K, committed 5376K, reserved 1048576K
}
Event: 15.405 GC heap before
{Heap before GC invocations=12 (full 2):
 PSYoungGen      total 142336K, used 141713K [0x000000076b500000, 0x0000000777000000, 0x00000007c0000000)
  eden space 129536K, 100% used [0x000000076b500000,0x0000000773380000,0x0000000773380000)
  from space 12800K, 95% used [0x0000000773380000,0x0000000773f64470,0x0000000774000000)
  to   space 14336K, 0% used [0x0000000776200000,0x0000000776200000,0x0000000777000000)
 ParOldGen       total 173568K, used 15309K [0x00000006c1e00000, 0x00000006cc780000, 0x000000076b500000)
  object space 173568K, 8% used [0x00000006c1e00000,0x00000006c2cf3790,0x00000006cc780000)
 Metaspace       used 47377K, capacity 49236K, committed 49368K, reserved 1091584K
  class space    used 6251K, capacity 6626K, committed 6656K, reserved 1048576K
Event: 15.421 GC heap after
Heap after GC invocations=12 (full 2):
 PSYoungGen      total 174592K, used 14317K [0x000000076b500000, 0x0000000777680000, 0x00000007c0000000)
  eden space 160256K, 0% used [0x000000076b500000,0x000000076b500000,0x0000000775180000)
  from space 14336K, 99% used [0x0000000776200000,0x0000000776ffb6f8,0x0000000777000000)
  to   space 16896K, 0% used [0x0000000775180000,0x0000000775180000,0x0000000776200000)
 ParOldGen       total 173568K, used 17181K [0x00000006c1e00000, 0x00000006cc780000, 0x000000076b500000)
  object space 173568K, 9% used [0x00000006c1e00000,0x00000006c2ec7748,0x00000006cc780000)
 Metaspace       used 47377K, capacity 49236K, committed 49368K, reserved 1091584K
  class space    used 6251K, capacity 6626K, committed 6656K, reserved 1048576K
}

